<?xml version="1.0" encoding="utf-8"?><testsuites name="pytest tests"><testsuite name="pytest" errors="0" failures="0" skipped="0" tests="143" time="8.020" timestamp="2026-01-28T00:17:06.251590-05:00" hostname="MacBookPro.localdomain"><properties>
[...]
</properties><testcase classname="tests.e2e.test_health_endpoint.TestHealthEndpoint" name="test_health_endpoint_returns_200" file="tests/e2e/test_health_endpoint.py" line="11" time="0.061" /><testcase classname="tests.e2e.test_health_endpoint.TestHealthEndpoint" name="test_health_endpoint_response_format" file="tests/e2e/test_health_endpoint.py" line="17" time="0.003" /><testcase classname="tests.e2e.test_health_endpoint.TestHealthEndpoint" name="test_health_endpoint_with_client" file="tests/e2e/test_health_endpoint.py" line="26" time="0.002" /><testcase classname="tests.e2e.test_main.TestMainApplication" name="test_app_initialization" file="tests/e2e/test_main.py" line="12" time="0.000" /><testcase classname="tests.e2e.test_main.TestMainApplication" name="test_root_endpoint" file="tests/e2e/test_main.py" line="18" time="0.004" /><testcase classname="tests.e2e.test_main.TestMainApplication" name="test_cors_middleware" file="tests/e2e/test_main.py" line="27" time="0.002" /><testcase classname="tests.e2e.test_main.TestMainApplication" name="test_router_registration" file="tests/e2e/test_main.py" line="36" time="0.009" /><testcase classname="tests.e2e.test_main.TestMainApplication" name="test_lifespan_startup" file="tests/e2e/test_main.py" line="57" time="0.002" /><testcase classname="tests.e2e.test_main.TestMainApplication" name="test_app_metadata" file="tests/e2e/test_main.py" line="96" time="0.000" /><testcase classname="tests.e2e.test_main.TestMainApplication" name="test_app_routes" file="tests/e2e/test_main.py" line="102" time="0.000" /><testcase classname="tests.e2e.test_webhook_message_flow.TestWebhookMessageFlow" name="test_webhook_message_processing" file="tests/e2e/test_webhook_message_flow.py" line="12" time="0.003" /><testcase classname="tests.e2e.test_webhook_message_flow.TestWebhookMessageFlow" name="test_webhook_no_bot_config" file="tests/e2e/test_webhook_message_flow.py" line="56" time="0.003" /><testcase classname="tests.e2e.test_webhook_message_flow.TestWebhookMessageFlow" name="test_webhook_invalid_payload" file="tests/e2e/test_webhook_message_flow.py" line="87" time="0.003" /><testcase classname="tests.e2e.test_webhook_message_flow.TestWebhookMessageFlow" name="test_webhook_message_extraction" file="tests/e2e/test_webhook_message_flow.py" line="111" time="0.003" /><testcase classname="tests.e2e.test_webhook_verification.TestWebhookVerification" name="test_webhook_verification_success" file="tests/e2e/test_webhook_verification.py" line="12" time="0.003" /><testcase classname="tests.e2e.test_webhook_verification.TestWebhookVerification" name="test_webhook_verification_fails_invalid_token" file="tests/e2e/test_webhook_verification.py" line="37" time="0.004" /><testcase classname="tests.e2e.test_webhook_verification.TestWebhookVerification" name="test_webhook_verification_fails_wrong_mode" file="tests/e2e/test_webhook_verification.py" line="61" time="0.003" /><testcase classname="tests.e2e.test_webhook_verification.TestWebhookVerification" name="test_webhook_verification_missing_parameters" file="tests/e2e/test_webhook_verification.py" line="85" time="0.003" /><testcase classname="tests.e2e.test_webhook_verification.TestWebhookVerification" name="test_webhook_verification_challenge_response_format" file="tests/e2e/test_webhook_verification.py" line="111" time="0.003" /><testcase classname="tests.integration.test_agent_integration.TestAgentCopilotIntegration" name="test_agent_with_copilot_service" file="tests/integration/test_agent_integration.py" line="15" time="0.045" /><testcase classname="tests.integration.test_agent_integration.TestAgentCopilotIntegration" name="test_agent_escalation_scenario" file="tests/integration/test_agent_integration.py" line="49" time="0.037" /><testcase classname="tests.integration.test_agent_integration.TestAgentCopilotIntegration" name="test_agent_with_recent_messages" file="tests/integration/test_agent_integration.py" line="76" time="0.037" /><testcase classname="tests.integration.test_repository_db.TestRepositoryDatabaseIntegration" name="test_bot_configuration_lifecycle" file="tests/integration/test_repository_db.py" line="18" time="0.006" /><testcase classname="tests.integration.test_repository_db.TestRepositoryDatabaseIntegration" name="test_reference_document_creation" file="tests/integration/test_repository_db.py" line="64" time="0.002" /><testcase classname="tests.integration.test_repository_db.TestRepositoryDatabaseIntegration" name="test_message_history_storage" file="tests/integration/test_repository_db.py" line="91" time="0.001" /><testcase classname="tests.integration.test_repository_db.TestRepositoryDatabaseIntegration" name="test_message_history_with_escalation" file="tests/integration/test_repository_db.py" line="121" time="0.002" /><testcase classname="tests.integration.test_scraper_copilot.TestScraperCopilotIntegration" name="test_scraper_copilot_end_to_end" file="tests/integration/test_scraper_copilot.py" line="14" time="0.053" /><testcase classname="tests.integration.test_scraper_copilot.TestScraperCopilotIntegration" name="test_scraper_copilot_with_multiple_chunks" file="tests/integration/test_scraper_copilot.py" line="69" time="0.053" /><testcase classname="tests.stateful.test_agent_conversation.TestAgentConversationStateful" name="test_conversation_flow_basic" file="tests/stateful/test_agent_conversation.py" line="12" time="0.002" /><testcase classname="tests.stateful.test_agent_conversation.TestAgentConversationStateful" name="test_conversation_maintains_context" file="tests/stateful/test_agent_conversation.py" line="66" time="0.002" /><testcase classname="tests.stateful.test_bot_configuration.TestBotConfigurationStateful" name="test_config_operations_basic" file="tests/stateful/test_bot_configuration.py" line="12" time="0.001" /><testcase classname="tests.stateful.test_bot_configuration.TestBotConfigurationStateful" name="test_config_deletion" file="tests/stateful/test_bot_configuration.py" line="58" time="0.000" /><testcase classname="tests.stateful.test_bot_configuration.TestBotConfigurationStateful" name="test_multiple_configs" file="tests/stateful/test_bot_configuration.py" line="89" time="0.000" /><testcase classname="tests.unit.test_agent_service.TestMessengerAgentService" name="test_init" file="tests/unit/test_agent_service.py" line="13" time="0.001" /><testcase classname="tests.unit.test_agent_service.TestMessengerAgentService" name="test_respond_with_valid_context" file="tests/unit/test_agent_service.py" line="18" time="0.002" /><testcase classname="tests.unit.test_agent_service.TestMessengerAgentService" name="test_respond_system_prompt_construction" file="tests/unit/test_agent_service.py" line="31" time="0.003" /><testcase classname="tests.unit.test_agent_service.TestMessengerAgentService" name="test_respond_includes_recent_messages" file="tests/unit/test_agent_service.py" line="47" time="0.004" /><testcase classname="tests.unit.test_agent_service.TestMessengerAgentService" name="test_respond_escalation_on_dont_know" file="tests/unit/test_agent_service.py" line="70" time="0.003" /><testcase classname="tests.unit.test_agent_service.TestMessengerAgentService" name="test_respond_escalation_on_human_keyword" file="tests/unit/test_agent_service.py" line="82" time="0.003" /><testcase classname="tests.unit.test_agent_service.TestMessengerAgentService" name="test_respond_no_escalation_on_normal_response" file="tests/unit/test_agent_service.py" line="93" time="0.002" /><testcase classname="tests.unit.test_agent_service.TestMessengerAgentService" name="test_respond_properties_with_various_inputs" file="tests/unit/test_agent_service.py" line="104" time="0.249" /><testcase classname="tests.unit.test_agent_service.TestMessengerAgentService" name="test_respond_properties_with_various_sizes" file="tests/unit/test_agent_service.py" line="136" time="0.106" /><testcase classname="tests.unit.test_agent_service.TestMessengerAgentService" name="test_respond_confidence_placeholder" file="tests/unit/test_agent_service.py" line="168" time="0.003" /><testcase classname="tests.unit.test_agent_service.TestMessengerAgentService" name="test_respond_empty_recent_messages" file="tests/unit/test_agent_service.py" line="180" time="0.002" /><testcase classname="tests.unit.test_agent_service.TestMessengerAgentService" name="test_respond_many_recent_messages" file="tests/unit/test_agent_service.py" line="203" time="0.002" /><testcase classname="tests.unit.test_config.TestSettings" name="test_settings_required_fields" file="tests/unit/test_config.py" line="12" time="0.002" /><testcase classname="tests.unit.test_config.TestSettings" name="test_settings_with_all_fields" file="tests/unit/test_config.py" line="17" time="0.001" /><testcase classname="tests.unit.test_config.TestSettings" name="test_settings_default_values" file="tests/unit/test_config.py" line="30" time="0.001" /><testcase classname="tests.unit.test_config.TestSettings" name="test_settings_optional_fields_properties" file="tests/unit/test_config.py" line="44" time="0.172" /><testcase classname="tests.unit.test_config.TestSettings" name="test_settings_env_validation" file="tests/unit/test_config.py" line="69" time="0.003" /><testcase classname="tests.unit.test_config.TestGetSettings" name="test_get_settings_caching" file="tests/unit/test_config.py" line="96" time="0.001" /><testcase classname="tests.unit.test_config.TestGetSettings" name="test_get_settings_from_env" file="tests/unit/test_config.py" line="113" time="0.001" /><testcase classname="tests.unit.test_config.TestGetSettings" name="test_get_settings_case_insensitive" file="tests/unit/test_config.py" line="131" time="0.001" /><testcase classname="tests.unit.test_copilot_service.TestCopilotService" name="test_init" file="tests/unit/test_copilot_service.py" line="13" time="0.000" /><testcase classname="tests.unit.test_copilot_service.TestCopilotService" name="test_init_strips_trailing_slash" file="tests/unit/test_copilot_service.py" line="19" time="0.000" /><testcase classname="tests.unit.test_copilot_service.TestCopilotService" name="test_is_available_when_available" file="tests/unit/test_copilot_service.py" line="24" time="0.021" /><testcase classname="tests.unit.test_copilot_service.TestCopilotService" name="test_is_available_when_unavailable" file="tests/unit/test_copilot_service.py" line="35" time="0.024" /><testcase classname="tests.unit.test_copilot_service.TestCopilotService" name="test_is_available_when_connection_error" file="tests/unit/test_copilot_service.py" line="46" time="0.024" /><testcase classname="tests.unit.test_copilot_service.TestCopilotService" name="test_is_available_when_disabled" file="tests/unit/test_copilot_service.py" line="57" time="0.001" /><testcase classname="tests.unit.test_copilot_service.TestCopilotService" name="test_is_available_timeout" file="tests/unit/test_copilot_service.py" line="65" time="0.026" /><testcase classname="tests.unit.test_copilot_service.TestCopilotService" name="test_synthesize_reference" file="tests/unit/test_copilot_service.py" line="76" time="0.111" /><testcase classname="tests.unit.test_copilot_service.TestCopilotService" name="test_chat_with_available_copilot" file="tests/unit/test_copilot_service.py" line="100" time="0.046" /><testcase classname="tests.unit.test_copilot_service.TestCopilotService" name="test_chat_fallback_when_unavailable" file="tests/unit/test_copilot_service.py" line="125" time="0.024" /><testcase classname="tests.unit.test_copilot_service.TestCopilotService" name="test_chat_fallback_on_error" file="tests/unit/test_copilot_service.py" line="145" time="0.039" /><testcase classname="tests.unit.test_copilot_service.TestCopilotService" name="test_chat_timeout_handling" file="tests/unit/test_copilot_service.py" line="166" time="0.046" /><testcase classname="tests.unit.test_copilot_service.TestCopilotService" name="test_chat_when_disabled" file="tests/unit/test_copilot_service.py" line="187" time="0.002" /><testcase classname="tests.unit.test_copilot_service.TestCopilotService" name="test_fallback_to_openai_not_implemented" file="tests/unit/test_copilot_service.py" line="204" time="0.002" /><testcase classname="tests.unit.test_copilot_service.TestCopilotService" name="test_synthesize_reference_builds_correct_prompt" file="tests/unit/test_copilot_service.py" line="215" time="0.043" /><testcase classname="tests.unit.test_db_client.TestGetSupabaseClient" name="test_get_supabase_client_initialization" file="tests/unit/test_db_client.py" line="12" time="0.006" /><testcase classname="tests.unit.test_db_client.TestGetSupabaseClient" name="test_get_supabase_client_uses_settings" file="tests/unit/test_db_client.py" line="36" time="0.003" /><testcase classname="tests.unit.test_facebook_service.TestSendMessage" name="test_send_message_valid_inputs" file="tests/unit/test_facebook_service.py" line="13" time="0.032" /><testcase classname="tests.unit.test_facebook_service.TestSendMessage" name="test_send_message_request_format" file="tests/unit/test_facebook_service.py" line="42" time="0.057" /><testcase classname="tests.unit.test_facebook_service.TestSendMessage" name="test_send_message_invalid_token" file="tests/unit/test_facebook_service.py" line="70" time="0.030" /><testcase classname="tests.unit.test_facebook_service.TestSendMessage" name="test_send_message_network_error" file="tests/unit/test_facebook_service.py" line="85" time="0.022" /><testcase classname="tests.unit.test_facebook_service.TestSendMessage" name="test_send_message_timeout" file="tests/unit/test_facebook_service.py" line="100" time="0.019" /><testcase classname="tests.unit.test_facebook_service.TestSendMessage" name="test_send_message_http_error" file="tests/unit/test_facebook_service.py" line="115" time="0.020" /><testcase classname="tests.unit.test_facebook_service.TestSendMessage" name="test_send_message_properties" file=".venv/lib/python3.12/site-packages/respx/router.py" line="403" time="2.332" /><testcase classname="tests.unit.test_facebook_service.TestSendMessage" name="test_send_message_access_token_in_params" file="tests/unit/test_facebook_service.py" line="161" time="0.019" /><testcase classname="tests.unit.test_facebook_service.TestSendMessage" name="test_send_message_long_text" file="tests/unit/test_facebook_service.py" line="180" time="0.018" /><testcase classname="tests.unit.test_hypothesis.TestURLValidation" name="test_url_validation_properties" file="tests/unit/test_hypothesis.py" line="29" time="0.096" /><testcase classname="tests.unit.test_hypothesis.TestURLValidation" name="test_url_construction_properties" file="tests/unit/test_hypothesis.py" line="44" time="0.270" /><testcase classname="tests.unit.test_hypothesis.TestMessageValidation" name="test_message_length_properties" file="tests/unit/test_hypothesis.py" line="71" time="0.058" /><testcase classname="tests.unit.test_hypothesis.TestMessageValidation" name="test_message_non_empty_property" file="tests/unit/test_hypothesis.py" line="83" time="0.053" /><testcase classname="tests.unit.test_hypothesis.TestMessageValidation" name="test_message_whitespace_handling" file="tests/unit/test_hypothesis.py" line="91" time="0.083" /><testcase classname="tests.unit.test_hypothesis.TestConfidenceScoreValidation" name="test_confidence_bounds_property" file="tests/unit/test_hypothesis.py" line="108" time="0.051" /><testcase classname="tests.unit.test_hypothesis.TestConfidenceScoreValidation" name="test_confidence_validation" file="tests/unit/test_hypothesis.py" line="113" time="0.048" /><testcase classname="tests.unit.test_hypothesis.TestToneValidation" name="test_valid_tone_property" file="tests/unit/test_hypothesis.py" line="127" time="0.004" /><testcase classname="tests.unit.test_hypothesis.TestToneValidation" name="test_tone_validation_property" file="tests/unit/test_hypothesis.py" line="133" time="0.055" /><testcase classname="tests.unit.test_hypothesis.TestContentHashProperties" name="test_hash_collision_resistance" file="tests/unit/test_hypothesis.py" line="148" time="0.119" /><testcase classname="tests.unit.test_hypothesis.TestContentHashProperties" name="test_hash_determinism_property" file="tests/unit/test_hypothesis.py" line="164" time="0.057" /><testcase classname="tests.unit.test_hypothesis.TestContentHashProperties" name="test_hash_format_property" file="tests/unit/test_hypothesis.py" line="174" time="0.057" /><testcase classname="tests.unit.test_hypothesis.TestChunkingProperties" name="test_chunking_properties" file="tests/unit/test_hypothesis.py" line="188" time="0.124" /><testcase classname="tests.unit.test_hypothesis.TestDataTransformationProperties" name="test_whitespace_normalization_property" file="tests/unit/test_hypothesis.py" line="226" time="0.057" /><testcase classname="tests.unit.test_models.TestMessengerModels" name="test_messenger_entry_properties" file="tests/unit/test_models.py" line="42" time="0.067" /><testcase classname="tests.unit.test_models.TestMessengerModels" name="test_messenger_message_in_properties" file="tests/unit/test_models.py" line="52" time="0.103" /><testcase classname="tests.unit.test_models.TestMessengerModels" name="test_messenger_message_in_empty_text" file="tests/unit/test_models.py" line="77" time="0.000" /><testcase classname="tests.unit.test_models.TestMessengerModels" name="test_messenger_webhook_payload_properties" file="tests/unit/test_models.py" line="87" time="0.067" /><testcase classname="tests.unit.test_models.TestAgentModels" name="test_agent_context_properties" file="tests/unit/test_models.py" line="112" time="0.159" /><testcase classname="tests.unit.test_models.TestAgentModels" name="test_agent_response_properties" file="tests/unit/test_models.py" line="138" time="0.122" /><testcase classname="tests.unit.test_models.TestAgentModels" name="test_agent_response_confidence_bounds" file="tests/unit/test_models.py" line="163" time="0.001" /><testcase classname="tests.unit.test_models.TestAgentModels" name="test_agent_response_escalation_logic" file="tests/unit/test_models.py" line="178" time="0.000" /><testcase classname="tests.unit.test_models.TestConfigModels" name="test_website_input_properties" file="tests/unit/test_models.py" line="202" time="0.083" /><testcase classname="tests.unit.test_models.TestConfigModels" name="test_tone_preference_properties" file="tests/unit/test_models.py" line="209" time="0.078" /><testcase classname="tests.unit.test_models.TestConfigModels" name="test_facebook_config_properties" file="tests/unit/test_models.py" line="219" time="0.083" /><testcase classname="tests.unit.test_models.TestConfigModels" name="test_bot_configuration_properties" file="tests/unit/test_models.py" line="240" time="0.136" /><testcase classname="tests.unit.test_models.TestConfigModels" name="test_bot_configuration_datetime_handling" file="tests/unit/test_models.py" line="274" time="0.000" /><testcase classname="tests.unit.test_reference_doc.TestBuildReferenceDoc" name="test_build_reference_doc_valid_inputs" file="tests/unit/test_reference_doc.py" line="14" time="0.002" /><testcase classname="tests.unit.test_reference_doc.TestBuildReferenceDoc" name="test_build_reference_doc_calls_copilot" file="tests/unit/test_reference_doc.py" line="30" time="0.002" /><testcase classname="tests.unit.test_reference_doc.TestBuildReferenceDoc" name="test_content_hash_determinism" file="tests/unit/test_reference_doc.py" line="46" time="0.054" /><testcase classname="tests.unit.test_reference_doc.TestBuildReferenceDoc" name="test_content_hash_uniqueness" file="tests/unit/test_reference_doc.py" line="55" time="0.071" /><testcase classname="tests.unit.test_reference_doc.TestBuildReferenceDoc" name="test_content_hash_format" file="tests/unit/test_reference_doc.py" line="71" time="0.002" /><testcase classname="tests.unit.test_reference_doc.TestBuildReferenceDoc" name="test_build_reference_doc_properties" file="tests/unit/test_reference_doc.py" line="86" time="0.005" /><testcase classname="tests.unit.test_reference_doc.TestBuildReferenceDoc" name="test_build_reference_doc_hash_consistency" file="tests/unit/test_reference_doc.py" line="104" time="0.002" /><testcase classname="tests.unit.test_reference_doc.TestBuildReferenceDoc" name="test_build_reference_doc_empty_content" file="tests/unit/test_reference_doc.py" line="127" time="0.008" /><testcase classname="tests.unit.test_reference_doc.TestBuildReferenceDoc" name="test_build_reference_doc_unicode_content" file="tests/unit/test_reference_doc.py" line="142" time="0.003" /><testcase classname="tests.unit.test_repository.TestCreateReferenceDocument" name="test_create_reference_document_valid_inputs" file="tests/unit/test_repository.py" line="21" time="0.001" /><testcase classname="tests.unit.test_repository.TestCreateReferenceDocument" name="test_create_reference_document_failure" file="tests/unit/test_repository.py" line="46" time="0.003" /><testcase classname="tests.unit.test_repository.TestLinkReferenceDocumentToBot" name="test_link_reference_document_to_bot" file="tests/unit/test_repository.py" line="66" time="0.049" /><testcase classname="tests.unit.test_repository.TestCreateBotConfiguration" name="test_create_bot_configuration_valid_inputs" file="tests/unit/test_repository.py" line="85" time="0.001" /><testcase classname="tests.unit.test_repository.TestCreateBotConfiguration" name="test_create_bot_configuration_failure" file="tests/unit/test_repository.py" line="124" time="0.002" /><testcase classname="tests.unit.test_repository.TestGetBotConfigurationByPageId" name="test_get_bot_configuration_by_page_id_found" file="tests/unit/test_repository.py" line="147" time="0.002" /><testcase classname="tests.unit.test_repository.TestGetBotConfigurationByPageId" name="test_get_bot_configuration_by_page_id_not_found" file="tests/unit/test_repository.py" line="175" time="0.001" /><testcase classname="tests.unit.test_repository.TestGetReferenceDocument" name="test_get_reference_document_found" file="tests/unit/test_repository.py" line="192" time="0.001" /><testcase classname="tests.unit.test_repository.TestGetReferenceDocument" name="test_get_reference_document_not_found" file="tests/unit/test_repository.py" line="217" time="0.001" /><testcase classname="tests.unit.test_repository.TestSaveMessageHistory" name="test_save_message_history" file="tests/unit/test_repository.py" line="234" time="0.001" /><testcase classname="tests.unit.test_repository.TestSaveMessageHistory" name="test_save_message_history_with_escalation" file="tests/unit/test_repository.py" line="262" time="0.001" /><testcase classname="tests.unit.test_scraper.TestScrapeWebsite" name="test_scrape_website_valid_url" file="tests/unit/test_scraper.py" line="14" time="0.019" /><testcase classname="tests.unit.test_scraper.TestScrapeWebsite" name="test_scrape_website_invalid_url" file="tests/unit/test_scraper.py" line="38" time="0.019" /><testcase classname="tests.unit.test_scraper.TestScrapeWebsite" name="test_scrape_website_timeout" file="tests/unit/test_scraper.py" line="48" time="0.017" /><testcase classname="tests.unit.test_scraper.TestScrapeWebsite" name="test_scrape_website_removes_scripts" file="tests/unit/test_scraper.py" line="58" time="0.021" /><testcase classname="tests.unit.test_scraper.TestScrapeWebsite" name="test_scrape_website_removes_nav_footer" file="tests/unit/test_scraper.py" line="88" time="0.020" /><testcase classname="tests.unit.test_scraper.TestScrapeWebsite" name="test_scrape_website_whitespace_normalization" file="tests/unit/test_scraper.py" line="113" time="0.018" /><testcase classname="tests.unit.test_scraper.TestScrapeWebsite" name="test_scrape_website_chunking_properties" file="tests/unit/test_scraper.py" line="141" time="0.069" /><testcase classname="tests.unit.test_scraper.TestScrapeWebsite" name="test_scrape_website_chunk_size" file="tests/unit/test_scraper.py" line="165" time="0.021" /><testcase classname="tests.unit.test_scraper.TestScrapeWebsite" name="test_scrape_website_empty_content" file="tests/unit/test_scraper.py" line="187" time="0.018" /><testcase classname="tests.unit.test_scraper.TestScrapeWebsite" name="test_scrape_website_follows_redirects" file="tests/unit/test_scraper.py" line="206" time="0.018" /><testcase classname="tests.unit.test_scraper.TestScrapeWebsite" name="test_scrape_website_various_html_structures" file="tests/unit/test_scraper.py" line="222" time="0.069" /><testcase classname="tests.unit.test_setup_cli.TestSetupCLI" name="test_setup_complete_flow" file="tests/unit/test_setup_cli.py" line="110" time="0.115" /><testcase classname="tests.unit.test_setup_cli.TestSetupCLI" name="test_setup_scraping_error" file="tests/unit/test_setup_cli.py" line="178" time="0.113" /><testcase classname="tests.unit.test_setup_cli.TestSetupCLI" name="test_setup_reference_doc_error" file="tests/unit/test_setup_cli.py" line="210" time="0.160" /><testcase classname="tests.unit.test_setup_cli.TestSetupCLI" name="test_setup_database_error" file="tests/unit/test_setup_cli.py" line="245" time="0.130" /><testcase classname="tests.unit.test_setup_cli.TestSetupCLI" name="test_setup_tone_selection" file="tests/unit/test_setup_cli.py" line="290" time="0.138" /><testcase classname="tests.unit.test_setup_cli.TestSetupCLI" name="test_setup_prints_webhook_url" file="tests/unit/test_setup_cli.py" line="336" time="0.189" /></testsuite></testsuites>